# do {TC_statemachine_tb_compile.do}
# ** Warning: (vlib-34) Library already exists at "questa_lib/work".
# ** Warning: (vlib-34) Library already exists at "questa_lib/msim".
# ** Warning: (vlib-34) Library already exists at "questa_lib/msim/xil_defaultlib".
# QuestaSim-64 vmap 10.6c Lib Mapping Utility 2017.07 Jul 26 2017
# vmap xil_defaultlib questa_lib/msim/xil_defaultlib 
# Modifying modelsim.ini
# ** Warning: (vlog-159) Mode option -64 is not supported in this context and will be ignored.
# QuestaSim-64 vlog 10.6c Compiler 2017.07 Jul 26 2017
# Start time: 16:12:53 on Mar 03,2021
# vlog -64 -incr -work xil_defaultlib ../../../../ctp_readout2.srcs/sources_1/ip/tc_fifo/sim/tc_fifo.v 
# -- Skipping module tc_fifo
# 
# Top level modules:
# 	tc_fifo
# End time: 16:12:54 on Mar 03,2021, Elapsed time: 0:00:01
# Errors: 0, Warnings: 1
# ** Warning: (vcom-159) Mode option -64 is not supported in this context and will be ignored.
# QuestaSim-64 vcom 10.6c Compiler 2017.07 Jul 26 2017
# Start time: 16:12:54 on Mar 03,2021
# vcom -64 -93 -work xil_defaultlib ../../../../ctp_readout2.srcs/sources_1/new/buffer_fifo.vhd ../../../../ctp_readout2.srcs/sources_1/new/packer.vhd ../../../../../hdl/tc_statemachine.vhd ../../../../../hdl/top_tc_statemachine.vhd ../../../../ctp_readout2.srcs/sim_1/new/TC_statemachine_tb.vhd 
# -- Loading package STANDARD
# -- Loading package TEXTIO
# -- Loading package std_logic_1164
# -- Loading package NUMERIC_STD
# -- Loading package ATTRIBUTES
# -- Loading package std_logic_misc
# -- Compiling entity buffer_fifo
# -- Compiling architecture Behavioral of buffer_fifo
# -- Compiling entity packer
# -- Compiling architecture Behavioral of packer
# -- Compiling entity tc_statemachine
# -- Compiling architecture rtl of tc_statemachine
# -- Loading package std_logic_arith
# -- Loading package STD_LOGIC_UNSIGNED
# -- Compiling entity top_tc_statemachine
# -- Compiling architecture Behavioral of top_tc_statemachine
# -- Compiling entity TC_statemachine_tb
# -- Compiling architecture Behavioral of TC_statemachine_tb
# End time: 16:12:54 on Mar 03,2021, Elapsed time: 0:00:00
# Errors: 0, Warnings: 1
# QuestaSim-64 vlog 10.6c Compiler 2017.07 Jul 26 2017
# Start time: 16:12:54 on Mar 03,2021
# vlog -work xil_defaultlib glbl.v 
# -- Compiling module glbl
# 
# Top level modules:
# 	glbl
# End time: 16:12:54 on Mar 03,2021, Elapsed time: 0:00:00
# Errors: 0, Warnings: 0
